<?xml version="1.0" encoding="UTF-8"?>
<!-- Generated by org.testng.reporters.JUnitReportReporter -->
<testsuite hostname="DESKTOP-MMUI7DH" failures="0" tests="2" name="rahulshettyacademy.tests.ErrorValidationsTest" time="13.305" errors="0" timestamp="2024-02-26T18:40:52 IST" skipped="0">
  <testcase classname="rahulshettyacademy.tests.ErrorValidationsTest" name="ProductErrorValidation" time="6.391"/>
  <system-out/>
  <testcase classname="rahulshettyacademy.tests.ErrorValidationsTest" name="LoginErrorValidation" time="6.914"/>
  <system-out/>
</testsuite> <!-- rahulshettyacademy.tests.ErrorValidationsTest -->
