<?xml version="1.0" encoding="UTF-8"?>
<!-- Generated by org.testng.reporters.JUnitReportReporter -->
<testsuite hostname="DESKTOP-MMUI7DH" failures="0" tests="1" name="cucumber.TestNGTestRunner" time="18.222" errors="0" timestamp="27 Feb 2024 09:51:31 GMT" skipped="0">
  <testcase classname="cucumber.TestNGTestRunner" name="runScenario" time="18.222"/>
</testsuite> <!-- cucumber.TestNGTestRunner -->
